{"/Users/mac/Desktop/fc/PiattoV2/server.js": {"path":"/Users/mac/Desktop/fc/PiattoV2/server.js","statementMap":{"0":{"start":{"line":1,"column":16},"end":{"line":1,"column":34}},"1":{"start":{"line":2,"column":15},"end":{"line":2,"column":34}},"2":{"start":{"line":3,"column":15},"end":{"line":3,"column":24}},"3":{"start":{"line":5,"column":0},"end":{"line":5,"column":27}},"4":{"start":{"line":6,"column":0},"end":{"line":6,"column":19}},"5":{"start":{"line":8,"column":0},"end":{"line":8,"column":24}}},"fnMap":{},"branchMap":{},"s":{"0":2,"1":2,"2":2,"3":2,"4":2,"5":2},"f":{},"b":{},"_coverageSchema":"1a1c01bbd47fc00a2c39e90264f33305004495a9","hash":"fd1deb0064137e684c52571fb3cea5cd7720fc5f"}
,"/Users/mac/Desktop/fc/PiattoV2/daos/quotesDAO.js": {"path":"/Users/mac/Desktop/fc/PiattoV2/daos/quotesDAO.js","statementMap":{"0":{"start":{"line":1,"column":17},"end":{"line":1,"column":36}},"1":{"start":{"line":2,"column":14},"end":{"line":2,"column":40}},"2":{"start":{"line":3,"column":13},"end":{"line":3,"column":38}},"3":{"start":{"line":5,"column":0},"end":{"line":5,"column":20}},"4":{"start":{"line":8,"column":0},"end":{"line":37,"column":3}},"5":{"start":{"line":9,"column":4},"end":{"line":36,"column":5}},"6":{"start":{"line":10,"column":19},"end":{"line":10,"column":46}},"7":{"start":{"line":11,"column":6},"end":{"line":13,"column":7}},"8":{"start":{"line":12,"column":8},"end":{"line":12,"column":20}},"9":{"start":{"line":14,"column":26},"end":{"line":14,"column":72}},"10":{"start":{"line":15,"column":6},"end":{"line":18,"column":7}},"11":{"start":{"line":16,"column":12},"end":{"line":16,"column":38}},"12":{"start":{"line":17,"column":8},"end":{"line":17,"column":20}},"13":{"start":{"line":20,"column":23},"end":{"line":28,"column":8}},"14":{"start":{"line":30,"column":6},"end":{"line":30,"column":28}},"15":{"start":{"line":31,"column":6},"end":{"line":31,"column":22}},"16":{"start":{"line":34,"column":6},"end":{"line":34,"column":26}},"17":{"start":{"line":35,"column":6},"end":{"line":35,"column":18}},"18":{"start":{"line":41,"column":0},"end":{"line":58,"column":3}},"19":{"start":{"line":42,"column":4},"end":{"line":57,"column":5}},"20":{"start":{"line":43,"column":19},"end":{"line":43,"column":46}},"21":{"start":{"line":44,"column":6},"end":{"line":46,"column":7}},"22":{"start":{"line":45,"column":8},"end":{"line":45,"column":20}},"23":{"start":{"line":47,"column":23},"end":{"line":51,"column":8}},"24":{"start":{"line":52,"column":6},"end":{"line":52,"column":28}},"25":{"start":{"line":53,"column":6},"end":{"line":53,"column":22}},"26":{"start":{"line":55,"column":6},"end":{"line":55,"column":27}},"27":{"start":{"line":56,"column":6},"end":{"line":56,"column":18}},"28":{"start":{"line":60,"column":0},"end":{"line":68,"column":1}},"29":{"start":{"line":61,"column":2},"end":{"line":67,"column":3}},"30":{"start":{"line":62,"column":19},"end":{"line":62,"column":55}},"31":{"start":{"line":63,"column":4},"end":{"line":63,"column":18}},"32":{"start":{"line":65,"column":4},"end":{"line":65,"column":25}},"33":{"start":{"line":66,"column":4},"end":{"line":66,"column":16}},"34":{"start":{"line":70,"column":0},"end":{"line":78,"column":2}},"35":{"start":{"line":71,"column":2},"end":{"line":77,"column":3}},"36":{"start":{"line":72,"column":18},"end":{"line":72,"column":80}},"37":{"start":{"line":73,"column":4},"end":{"line":73,"column":17}},"38":{"start":{"line":75,"column":4},"end":{"line":75,"column":25}},"39":{"start":{"line":76,"column":4},"end":{"line":76,"column":16}},"40":{"start":{"line":80,"column":0},"end":{"line":88,"column":1}},"41":{"start":{"line":81,"column":2},"end":{"line":87,"column":3}},"42":{"start":{"line":82,"column":18},"end":{"line":82,"column":71}},"43":{"start":{"line":83,"column":4},"end":{"line":83,"column":17}},"44":{"start":{"line":85,"column":4},"end":{"line":85,"column":25}},"45":{"start":{"line":86,"column":4},"end":{"line":86,"column":16}}},"fnMap":{"0":{"name":"(anonymous_0)","decl":{"start":{"line":8,"column":27},"end":{"line":8,"column":28}},"loc":{"start":{"line":8,"column":55},"end":{"line":37,"column":3}},"line":8},"1":{"name":"(anonymous_1)","decl":{"start":{"line":41,"column":29},"end":{"line":41,"column":30}},"loc":{"start":{"line":41,"column":57},"end":{"line":58,"column":3}},"line":41},"2":{"name":"(anonymous_2)","decl":{"start":{"line":60,"column":30},"end":{"line":60,"column":31}},"loc":{"start":{"line":60,"column":48},"end":{"line":68,"column":1}},"line":60},"3":{"name":"(anonymous_3)","decl":{"start":{"line":70,"column":29},"end":{"line":70,"column":30}},"loc":{"start":{"line":70,"column":56},"end":{"line":78,"column":1}},"line":70},"4":{"name":"(anonymous_4)","decl":{"start":{"line":80,"column":31},"end":{"line":80,"column":32}},"loc":{"start":{"line":80,"column":58},"end":{"line":88,"column":1}},"line":80}},"branchMap":{"0":{"loc":{"start":{"line":11,"column":6},"end":{"line":13,"column":7}},"type":"if","locations":[{"start":{"line":11,"column":6},"end":{"line":13,"column":7}},{"start":{},"end":{}}],"line":11},"1":{"loc":{"start":{"line":15,"column":6},"end":{"line":18,"column":7}},"type":"if","locations":[{"start":{"line":15,"column":6},"end":{"line":18,"column":7}},{"start":{},"end":{}}],"line":15},"2":{"loc":{"start":{"line":44,"column":6},"end":{"line":46,"column":7}},"type":"if","locations":[{"start":{"line":44,"column":6},"end":{"line":46,"column":7}},{"start":{},"end":{}}],"line":44}},"s":{"0":2,"1":2,"2":2,"3":2,"4":2,"5":0,"6":0,"7":0,"8":0,"9":0,"10":0,"11":0,"12":0,"13":0,"14":0,"15":0,"16":0,"17":0,"18":2,"19":0,"20":0,"21":0,"22":0,"23":0,"24":0,"25":0,"26":0,"27":0,"28":2,"29":0,"30":0,"31":0,"32":0,"33":0,"34":2,"35":0,"36":0,"37":0,"38":0,"39":0,"40":2,"41":0,"42":0,"43":0,"44":0,"45":0},"f":{"0":0,"1":0,"2":0,"3":0,"4":0},"b":{"0":[0,0],"1":[0,0],"2":[0,0]},"_coverageSchema":"1a1c01bbd47fc00a2c39e90264f33305004495a9","hash":"2c315c69181a2a03f41611d32756ea202df9f279"}
,"/Users/mac/Desktop/fc/PiattoV2/daos/userDAO.js": {"path":"/Users/mac/Desktop/fc/PiattoV2/daos/userDAO.js","statementMap":{"0":{"start":{"line":1,"column":17},"end":{"line":1,"column":36}},"1":{"start":{"line":2,"column":13},"end":{"line":2,"column":38}},"2":{"start":{"line":3,"column":15},"end":{"line":3,"column":32}},"3":{"start":{"line":5,"column":0},"end":{"line":5,"column":20}},"4":{"start":{"line":8,"column":0},"end":{"line":16,"column":1}},"5":{"start":{"line":9,"column":4},"end":{"line":15,"column":7}},"6":{"start":{"line":10,"column":24},"end":{"line":10,"column":50}},"7":{"start":{"line":11,"column":8},"end":{"line":11,"column":23}},"8":{"start":{"line":13,"column":8},"end":{"line":13,"column":29}},"9":{"start":{"line":14,"column":8},"end":{"line":14,"column":20}},"10":{"start":{"line":19,"column":0},"end":{"line":27,"column":1}},"11":{"start":{"line":20,"column":4},"end":{"line":26,"column":7}},"12":{"start":{"line":21,"column":21},"end":{"line":21,"column":50}},"13":{"start":{"line":22,"column":8},"end":{"line":22,"column":20}},"14":{"start":{"line":24,"column":8},"end":{"line":24,"column":27}},"15":{"start":{"line":25,"column":8},"end":{"line":25,"column":20}},"16":{"start":{"line":30,"column":0},"end":{"line":44,"column":4}},"17":{"start":{"line":31,"column":4},"end":{"line":43,"column":5}},"18":{"start":{"line":32,"column":19},"end":{"line":32,"column":46}},"19":{"start":{"line":33,"column":6},"end":{"line":35,"column":7}},"20":{"start":{"line":34,"column":8},"end":{"line":34,"column":20}},"21":{"start":{"line":36,"column":29},"end":{"line":36,"column":60}},"22":{"start":{"line":37,"column":6},"end":{"line":37,"column":37}},"23":{"start":{"line":38,"column":6},"end":{"line":38,"column":24}},"24":{"start":{"line":39,"column":6},"end":{"line":39,"column":18}},"25":{"start":{"line":41,"column":6},"end":{"line":41,"column":25}},"26":{"start":{"line":42,"column":6},"end":{"line":42,"column":18}},"27":{"start":{"line":47,"column":0},"end":{"line":55,"column":4}},"28":{"start":{"line":48,"column":4},"end":{"line":54,"column":5}},"29":{"start":{"line":49,"column":18},"end":{"line":49,"column":45}},"30":{"start":{"line":50,"column":6},"end":{"line":50,"column":17}},"31":{"start":{"line":52,"column":6},"end":{"line":52,"column":25}},"32":{"start":{"line":53,"column":6},"end":{"line":53,"column":18}},"33":{"start":{"line":58,"column":0},"end":{"line":66,"column":1}},"34":{"start":{"line":59,"column":4},"end":{"line":65,"column":7}},"35":{"start":{"line":60,"column":25},"end":{"line":60,"column":42}},"36":{"start":{"line":61,"column":8},"end":{"line":61,"column":24}},"37":{"start":{"line":63,"column":8},"end":{"line":63,"column":29}},"38":{"start":{"line":64,"column":8},"end":{"line":64,"column":20}}},"fnMap":{"0":{"name":"(anonymous_0)","decl":{"start":{"line":8,"column":28},"end":{"line":8,"column":29}},"loc":{"start":{"line":8,"column":47},"end":{"line":16,"column":1}},"line":8},"1":{"name":"(anonymous_1)","decl":{"start":{"line":19,"column":25},"end":{"line":19,"column":26}},"loc":{"start":{"line":19,"column":42},"end":{"line":27,"column":1}},"line":19},"2":{"name":"(anonymous_2)","decl":{"start":{"line":30,"column":36},"end":{"line":30,"column":37}},"loc":{"start":{"line":30,"column":64},"end":{"line":44,"column":3}},"line":30},"3":{"name":"(anonymous_3)","decl":{"start":{"line":47,"column":29},"end":{"line":47,"column":30}},"loc":{"start":{"line":47,"column":47},"end":{"line":55,"column":3}},"line":47},"4":{"name":"(anonymous_4)","decl":{"start":{"line":58,"column":29},"end":{"line":58,"column":30}},"loc":{"start":{"line":58,"column":41},"end":{"line":66,"column":1}},"line":58}},"branchMap":{"0":{"loc":{"start":{"line":33,"column":6},"end":{"line":35,"column":7}},"type":"if","locations":[{"start":{"line":33,"column":6},"end":{"line":35,"column":7}},{"start":{},"end":{}}],"line":33}},"s":{"0":2,"1":2,"2":2,"3":2,"4":2,"5":2,"6":2,"7":2,"8":0,"9":0,"10":2,"11":6,"12":6,"13":6,"14":0,"15":0,"16":2,"17":0,"18":0,"19":0,"20":0,"21":0,"22":0,"23":0,"24":0,"25":0,"26":0,"27":2,"28":0,"29":0,"30":0,"31":0,"32":0,"33":2,"34":0,"35":0,"36":0,"37":0,"38":0},"f":{"0":2,"1":6,"2":0,"3":0,"4":0},"b":{"0":[0,0]},"_coverageSchema":"1a1c01bbd47fc00a2c39e90264f33305004495a9","hash":"2e71bcdb4f1ee28fedcc613eb915e2d0f1b867b8"}
,"/Users/mac/Desktop/fc/PiattoV2/models/quote.js": {"path":"/Users/mac/Desktop/fc/PiattoV2/models/quote.js","statementMap":{"0":{"start":{"line":1,"column":17},"end":{"line":1,"column":36}},"1":{"start":{"line":3,"column":20},"end":{"line":11,"column":2}},"2":{"start":{"line":13,"column":0},"end":{"line":13,"column":55}},"3":{"start":{"line":15,"column":0},"end":{"line":15,"column":54}}},"fnMap":{},"branchMap":{},"s":{"0":2,"1":2,"2":2,"3":2},"f":{},"b":{},"_coverageSchema":"1a1c01bbd47fc00a2c39e90264f33305004495a9","hash":"de2148ac98c57d4ebc8fe784088dd87443c16512"}
,"/Users/mac/Desktop/fc/PiattoV2/models/user.js": {"path":"/Users/mac/Desktop/fc/PiattoV2/models/user.js","statementMap":{"0":{"start":{"line":1,"column":17},"end":{"line":1,"column":36}},"1":{"start":{"line":3,"column":19},"end":{"line":9,"column":4}},"2":{"start":{"line":11,"column":0},"end":{"line":11,"column":52}}},"fnMap":{},"branchMap":{},"s":{"0":2,"1":2,"2":2},"f":{},"b":{},"_coverageSchema":"1a1c01bbd47fc00a2c39e90264f33305004495a9","hash":"9e329851f7be28876d93658dad151b755c9ab25c"}
,"/Users/mac/Desktop/fc/PiattoV2/routes/middleware.js": {"path":"/Users/mac/Desktop/fc/PiattoV2/routes/middleware.js","statementMap":{"0":{"start":{"line":1,"column":12},"end":{"line":1,"column":35}},"1":{"start":{"line":4,"column":18},"end":{"line":4,"column":26}},"2":{"start":{"line":7,"column":30},"end":{"line":7,"column":55}},"3":{"start":{"line":9,"column":2},"end":{"line":11,"column":3}},"4":{"start":{"line":10,"column":4},"end":{"line":10,"column":88}},"5":{"start":{"line":13,"column":31},"end":{"line":13,"column":61}},"6":{"start":{"line":15,"column":2},"end":{"line":17,"column":3}},"7":{"start":{"line":16,"column":4},"end":{"line":16,"column":87}},"8":{"start":{"line":19,"column":2},"end":{"line":26,"column":3}},"9":{"start":{"line":20,"column":25},"end":{"line":20,"column":59}},"10":{"start":{"line":21,"column":10},"end":{"line":21,"column":50}},"11":{"start":{"line":22,"column":4},"end":{"line":22,"column":31}},"12":{"start":{"line":23,"column":4},"end":{"line":23,"column":11}},"13":{"start":{"line":25,"column":4},"end":{"line":25,"column":62}},"14":{"start":{"line":30,"column":20},"end":{"line":30,"column":31}},"15":{"start":{"line":32,"column":2},"end":{"line":34,"column":3}},"16":{"start":{"line":33,"column":4},"end":{"line":33,"column":83}},"17":{"start":{"line":36,"column":2},"end":{"line":36,"column":9}},"18":{"start":{"line":39,"column":0},"end":{"line":39,"column":43}}},"fnMap":{"0":{"name":"isAuthorized","decl":{"start":{"line":6,"column":15},"end":{"line":6,"column":27}},"loc":{"start":{"line":6,"column":44},"end":{"line":27,"column":1}},"line":6},"1":{"name":"isAdmin","decl":{"start":{"line":29,"column":15},"end":{"line":29,"column":22}},"loc":{"start":{"line":29,"column":39},"end":{"line":37,"column":1}},"line":29}},"branchMap":{"0":{"loc":{"start":{"line":9,"column":2},"end":{"line":11,"column":3}},"type":"if","locations":[{"start":{"line":9,"column":2},"end":{"line":11,"column":3}},{"start":{},"end":{}}],"line":9},"1":{"loc":{"start":{"line":15,"column":2},"end":{"line":17,"column":3}},"type":"if","locations":[{"start":{"line":15,"column":2},"end":{"line":17,"column":3}},{"start":{},"end":{}}],"line":15},"2":{"loc":{"start":{"line":32,"column":2},"end":{"line":34,"column":3}},"type":"if","locations":[{"start":{"line":32,"column":2},"end":{"line":34,"column":3}},{"start":{},"end":{}}],"line":32},"3":{"loc":{"start":{"line":32,"column":6},"end":{"line":32,"column":40}},"type":"binary-expr","locations":[{"start":{"line":32,"column":6},"end":{"line":32,"column":12}},{"start":{"line":32,"column":16},"end":{"line":32,"column":40}}],"line":32}},"s":{"0":2,"1":2,"2":0,"3":0,"4":0,"5":0,"6":0,"7":0,"8":0,"9":0,"10":0,"11":0,"12":0,"13":0,"14":0,"15":0,"16":0,"17":0,"18":2},"f":{"0":0,"1":0},"b":{"0":[0,0],"1":[0,0],"2":[0,0],"3":[0,0]},"_coverageSchema":"1a1c01bbd47fc00a2c39e90264f33305004495a9","hash":"24a98c58edc009255255fe550a1dc0ba0f71571d"}
,"/Users/mac/Desktop/fc/PiattoV2/routes/quotes.js": {"path":"/Users/mac/Desktop/fc/PiattoV2/routes/quotes.js","statementMap":{"0":{"start":{"line":1,"column":19},"end":{"line":1,"column":37}},"1":{"start":{"line":2,"column":34},"end":{"line":2,"column":57}},"2":{"start":{"line":4,"column":16},"end":{"line":4,"column":42}},"3":{"start":{"line":5,"column":18},"end":{"line":5,"column":46}},"4":{"start":{"line":7,"column":15},"end":{"line":7,"column":23}},"5":{"start":{"line":9,"column":0},"end":{"line":31,"column":5}},"6":{"start":{"line":10,"column":4},"end":{"line":30,"column":5}},"7":{"start":{"line":11,"column":23},"end":{"line":11,"column":37}},"8":{"start":{"line":14,"column":21},"end":{"line":14,"column":39}},"9":{"start":{"line":15,"column":10},"end":{"line":15,"column":38}},"10":{"start":{"line":16,"column":18},"end":{"line":16,"column":51}},"11":{"start":{"line":17,"column":25},"end":{"line":17,"column":68}},"12":{"start":{"line":19,"column":6},"end":{"line":21,"column":7}},"13":{"start":{"line":20,"column":8},"end":{"line":20,"column":45}},"14":{"start":{"line":23,"column":12},"end":{"line":23,"column":44}},"15":{"start":{"line":24,"column":6},"end":{"line":29,"column":7}},"16":{"start":{"line":25,"column":8},"end":{"line":25,"column":53}},"17":{"start":{"line":27,"column":8},"end":{"line":27,"column":27}},"18":{"start":{"line":28,"column":8},"end":{"line":28,"column":40}},"19":{"start":{"line":33,"column":2},"end":{"line":52,"column":5}},"20":{"start":{"line":34,"column":4},"end":{"line":51,"column":5}},"21":{"start":{"line":35,"column":21},"end":{"line":35,"column":39}},"22":{"start":{"line":38,"column":23},"end":{"line":38,"column":59}},"23":{"start":{"line":40,"column":6},"end":{"line":42,"column":7}},"24":{"start":{"line":41,"column":8},"end":{"line":41,"column":43}},"25":{"start":{"line":44,"column":12},"end":{"line":44,"column":44}},"26":{"start":{"line":45,"column":6},"end":{"line":50,"column":7}},"27":{"start":{"line":46,"column":8},"end":{"line":46,"column":53}},"28":{"start":{"line":48,"column":8},"end":{"line":48,"column":27}},"29":{"start":{"line":49,"column":8},"end":{"line":49,"column":40}},"30":{"start":{"line":54,"column":2},"end":{"line":70,"column":5}},"31":{"start":{"line":55,"column":4},"end":{"line":69,"column":5}},"32":{"start":{"line":56,"column":21},"end":{"line":56,"column":39}},"33":{"start":{"line":57,"column":22},"end":{"line":57,"column":40}},"34":{"start":{"line":58,"column":6},"end":{"line":58,"column":36}},"35":{"start":{"line":59,"column":27},"end":{"line":59,"column":71}},"36":{"start":{"line":61,"column":6},"end":{"line":65,"column":7}},"37":{"start":{"line":62,"column":8},"end":{"line":62,"column":66}},"38":{"start":{"line":64,"column":8},"end":{"line":64,"column":62}},"39":{"start":{"line":67,"column":6},"end":{"line":67,"column":25}},"40":{"start":{"line":68,"column":6},"end":{"line":68,"column":42}},"41":{"start":{"line":73,"column":0},"end":{"line":73,"column":24}}},"fnMap":{"0":{"name":"(anonymous_0)","decl":{"start":{"line":9,"column":31},"end":{"line":9,"column":32}},"loc":{"start":{"line":9,"column":51},"end":{"line":31,"column":3}},"line":9},"1":{"name":"(anonymous_1)","decl":{"start":{"line":33,"column":32},"end":{"line":33,"column":33}},"loc":{"start":{"line":33,"column":52},"end":{"line":52,"column":3}},"line":33},"2":{"name":"(anonymous_2)","decl":{"start":{"line":54,"column":43},"end":{"line":54,"column":44}},"loc":{"start":{"line":54,"column":63},"end":{"line":70,"column":3}},"line":54}},"branchMap":{"0":{"loc":{"start":{"line":19,"column":6},"end":{"line":21,"column":7}},"type":"if","locations":[{"start":{"line":19,"column":6},"end":{"line":21,"column":7}},{"start":{},"end":{}}],"line":19},"1":{"loc":{"start":{"line":24,"column":6},"end":{"line":29,"column":7}},"type":"if","locations":[{"start":{"line":24,"column":6},"end":{"line":29,"column":7}},{"start":{"line":26,"column":13},"end":{"line":29,"column":7}}],"line":24},"2":{"loc":{"start":{"line":40,"column":6},"end":{"line":42,"column":7}},"type":"if","locations":[{"start":{"line":40,"column":6},"end":{"line":42,"column":7}},{"start":{},"end":{}}],"line":40},"3":{"loc":{"start":{"line":45,"column":6},"end":{"line":50,"column":7}},"type":"if","locations":[{"start":{"line":45,"column":6},"end":{"line":50,"column":7}},{"start":{"line":47,"column":13},"end":{"line":50,"column":7}}],"line":45},"4":{"loc":{"start":{"line":61,"column":6},"end":{"line":65,"column":7}},"type":"if","locations":[{"start":{"line":61,"column":6},"end":{"line":65,"column":7}},{"start":{"line":63,"column":13},"end":{"line":65,"column":7}}],"line":61}},"s":{"0":2,"1":2,"2":2,"3":2,"4":2,"5":2,"6":0,"7":0,"8":0,"9":0,"10":0,"11":0,"12":0,"13":0,"14":0,"15":0,"16":0,"17":0,"18":0,"19":2,"20":0,"21":0,"22":0,"23":0,"24":0,"25":0,"26":0,"27":0,"28":0,"29":0,"30":2,"31":0,"32":0,"33":0,"34":0,"35":0,"36":0,"37":0,"38":0,"39":0,"40":0,"41":2},"f":{"0":0,"1":0,"2":0},"b":{"0":[0,0],"1":[0,0],"2":[0,0],"3":[0,0],"4":[0,0]},"_coverageSchema":"1a1c01bbd47fc00a2c39e90264f33305004495a9","hash":"7e0deae8f4dfa6ff18e0f7239e64795178cf9817"}
,"/Users/mac/Desktop/fc/PiattoV2/routes/search.js": {"path":"/Users/mac/Desktop/fc/PiattoV2/routes/search.js","statementMap":{"0":{"start":{"line":1,"column":19},"end":{"line":1,"column":37}},"1":{"start":{"line":2,"column":25},"end":{"line":2,"column":48}},"2":{"start":{"line":3,"column":13},"end":{"line":3,"column":38}},"3":{"start":{"line":4,"column":14},"end":{"line":4,"column":40}},"4":{"start":{"line":6,"column":15},"end":{"line":6,"column":23}},"5":{"start":{"line":8,"column":0},"end":{"line":24,"column":5}},"6":{"start":{"line":9,"column":4},"end":{"line":23,"column":5}},"7":{"start":{"line":10,"column":25},"end":{"line":10,"column":36}},"8":{"start":{"line":11,"column":22},"end":{"line":13,"column":15}},"9":{"start":{"line":14,"column":8},"end":{"line":18,"column":9}},"10":{"start":{"line":15,"column":12},"end":{"line":15,"column":42}},"11":{"start":{"line":17,"column":12},"end":{"line":17,"column":23}},"12":{"start":{"line":21,"column":6},"end":{"line":21,"column":27}},"13":{"start":{"line":22,"column":6},"end":{"line":22,"column":43}},"14":{"start":{"line":26,"column":0},"end":{"line":26,"column":24}}},"fnMap":{"0":{"name":"(anonymous_0)","decl":{"start":{"line":8,"column":16},"end":{"line":8,"column":17}},"loc":{"start":{"line":8,"column":36},"end":{"line":24,"column":3}},"line":8}},"branchMap":{"0":{"loc":{"start":{"line":14,"column":8},"end":{"line":18,"column":9}},"type":"if","locations":[{"start":{"line":14,"column":8},"end":{"line":18,"column":9}},{"start":{"line":16,"column":14},"end":{"line":18,"column":9}}],"line":14}},"s":{"0":2,"1":2,"2":2,"3":2,"4":2,"5":2,"6":0,"7":0,"8":0,"9":0,"10":0,"11":0,"12":0,"13":0,"14":2},"f":{"0":0},"b":{"0":[0,0]},"_coverageSchema":"1a1c01bbd47fc00a2c39e90264f33305004495a9","hash":"ca383195a4a6a6f65513e8b7d153681cd299dedf"}
,"/Users/mac/Desktop/fc/PiattoV2/routes/signin.js": {"path":"/Users/mac/Desktop/fc/PiattoV2/routes/signin.js","statementMap":{"0":{"start":{"line":1,"column":19},"end":{"line":1,"column":37}},"1":{"start":{"line":2,"column":15},"end":{"line":2,"column":23}},"2":{"start":{"line":3,"column":15},"end":{"line":3,"column":32}},"3":{"start":{"line":4,"column":12},"end":{"line":4,"column":35}},"4":{"start":{"line":5,"column":16},"end":{"line":5,"column":42}},"5":{"start":{"line":6,"column":13},"end":{"line":6,"column":38}},"6":{"start":{"line":8,"column":18},"end":{"line":8,"column":26}},"7":{"start":{"line":11,"column":0},"end":{"line":42,"column":3}},"8":{"start":{"line":12,"column":30},"end":{"line":12,"column":38}},"9":{"start":{"line":14,"column":2},"end":{"line":41,"column":3}},"10":{"start":{"line":15,"column":4},"end":{"line":17,"column":5}},"11":{"start":{"line":16,"column":6},"end":{"line":16,"column":63}},"12":{"start":{"line":20,"column":17},"end":{"line":20,"column":45}},"13":{"start":{"line":24,"column":4},"end":{"line":26,"column":5}},"14":{"start":{"line":25,"column":6},"end":{"line":25,"column":63}},"15":{"start":{"line":29,"column":28},"end":{"line":29,"column":79}},"16":{"start":{"line":32,"column":4},"end":{"line":34,"column":5}},"17":{"start":{"line":33,"column":6},"end":{"line":33,"column":65}},"18":{"start":{"line":35,"column":18},"end":{"line":35,"column":81}},"19":{"start":{"line":36,"column":4},"end":{"line":36,"column":51}},"20":{"start":{"line":37,"column":4},"end":{"line":37,"column":36}},"21":{"start":{"line":39,"column":4},"end":{"line":39,"column":25}},"22":{"start":{"line":40,"column":4},"end":{"line":40,"column":61}},"23":{"start":{"line":44,"column":0},"end":{"line":44,"column":24}}},"fnMap":{"0":{"name":"(anonymous_0)","decl":{"start":{"line":11,"column":17},"end":{"line":11,"column":18}},"loc":{"start":{"line":11,"column":37},"end":{"line":42,"column":1}},"line":11}},"branchMap":{"0":{"loc":{"start":{"line":15,"column":4},"end":{"line":17,"column":5}},"type":"if","locations":[{"start":{"line":15,"column":4},"end":{"line":17,"column":5}},{"start":{},"end":{}}],"line":15},"1":{"loc":{"start":{"line":15,"column":8},"end":{"line":15,"column":27}},"type":"binary-expr","locations":[{"start":{"line":15,"column":8},"end":{"line":15,"column":14}},{"start":{"line":15,"column":18},"end":{"line":15,"column":27}}],"line":15},"2":{"loc":{"start":{"line":24,"column":4},"end":{"line":26,"column":5}},"type":"if","locations":[{"start":{"line":24,"column":4},"end":{"line":26,"column":5}},{"start":{},"end":{}}],"line":24},"3":{"loc":{"start":{"line":32,"column":4},"end":{"line":34,"column":5}},"type":"if","locations":[{"start":{"line":32,"column":4},"end":{"line":34,"column":5}},{"start":{},"end":{}}],"line":32}},"s":{"0":2,"1":2,"2":2,"3":2,"4":2,"5":2,"6":2,"7":2,"8":5,"9":5,"10":5,"11":2,"12":3,"13":3,"14":1,"15":2,"16":2,"17":1,"18":1,"19":1,"20":1,"21":0,"22":0,"23":2},"f":{"0":5},"b":{"0":[2,3],"1":[5,4],"2":[1,2],"3":[1,1]},"_coverageSchema":"1a1c01bbd47fc00a2c39e90264f33305004495a9","hash":"2a16d122d668ae72e9f4821813179852806dfb72"}
,"/Users/mac/Desktop/fc/PiattoV2/routes/signup.js": {"path":"/Users/mac/Desktop/fc/PiattoV2/routes/signup.js","statementMap":{"0":{"start":{"line":1,"column":19},"end":{"line":1,"column":37}},"1":{"start":{"line":2,"column":15},"end":{"line":2,"column":23}},"2":{"start":{"line":3,"column":15},"end":{"line":3,"column":32}},"3":{"start":{"line":4,"column":16},"end":{"line":4,"column":42}},"4":{"start":{"line":5,"column":13},"end":{"line":5,"column":38}},"5":{"start":{"line":6,"column":12},"end":{"line":6,"column":35}},"6":{"start":{"line":8,"column":18},"end":{"line":8,"column":26}},"7":{"start":{"line":11,"column":0},"end":{"line":47,"column":3}},"8":{"start":{"line":12,"column":51},"end":{"line":12,"column":59}},"9":{"start":{"line":21,"column":2},"end":{"line":23,"column":3}},"10":{"start":{"line":22,"column":4},"end":{"line":22,"column":74}},"11":{"start":{"line":25,"column":2},"end":{"line":46,"column":3}},"12":{"start":{"line":26,"column":25},"end":{"line":26,"column":53}},"13":{"start":{"line":29,"column":4},"end":{"line":31,"column":5}},"14":{"start":{"line":30,"column":6},"end":{"line":30,"column":74}},"15":{"start":{"line":33,"column":27},"end":{"line":33,"column":58}},"16":{"start":{"line":34,"column":20},"end":{"line":34,"column":92}},"17":{"start":{"line":35,"column":20},"end":{"line":35,"column":65}},"18":{"start":{"line":37,"column":4},"end":{"line":41,"column":5}},"19":{"start":{"line":38,"column":6},"end":{"line":38,"column":47}},"20":{"start":{"line":40,"column":6},"end":{"line":40,"column":72}},"21":{"start":{"line":44,"column":4},"end":{"line":44,"column":21}},"22":{"start":{"line":45,"column":4},"end":{"line":45,"column":41}},"23":{"start":{"line":49,"column":0},"end":{"line":49,"column":24}}},"fnMap":{"0":{"name":"(anonymous_0)","decl":{"start":{"line":11,"column":17},"end":{"line":11,"column":18}},"loc":{"start":{"line":11,"column":37},"end":{"line":47,"column":1}},"line":11}},"branchMap":{"0":{"loc":{"start":{"line":21,"column":2},"end":{"line":23,"column":3}},"type":"if","locations":[{"start":{"line":21,"column":2},"end":{"line":23,"column":3}},{"start":{},"end":{}}],"line":21},"1":{"loc":{"start":{"line":21,"column":6},"end":{"line":21,"column":52}},"type":"binary-expr","locations":[{"start":{"line":21,"column":6},"end":{"line":21,"column":16}},{"start":{"line":21,"column":20},"end":{"line":21,"column":29}},{"start":{"line":21,"column":33},"end":{"line":21,"column":39}},{"start":{"line":21,"column":43},"end":{"line":21,"column":52}}],"line":21},"2":{"loc":{"start":{"line":29,"column":4},"end":{"line":31,"column":5}},"type":"if","locations":[{"start":{"line":29,"column":4},"end":{"line":31,"column":5}},{"start":{},"end":{}}],"line":29},"3":{"loc":{"start":{"line":37,"column":4},"end":{"line":41,"column":5}},"type":"if","locations":[{"start":{"line":37,"column":4},"end":{"line":41,"column":5}},{"start":{"line":39,"column":11},"end":{"line":41,"column":5}}],"line":37}},"s":{"0":2,"1":2,"2":2,"3":2,"4":2,"5":2,"6":2,"7":2,"8":7,"9":7,"10":4,"11":3,"12":3,"13":3,"14":1,"15":2,"16":2,"17":2,"18":2,"19":2,"20":0,"21":0,"22":0,"23":2},"f":{"0":7},"b":{"0":[4,3],"1":[7,3,3,3],"2":[1,2],"3":[2,0]},"_coverageSchema":"1a1c01bbd47fc00a2c39e90264f33305004495a9","hash":"ae242dec14ff1de7ae2ca3d568dc73459d11f44b"}
,"/Users/mac/Desktop/fc/PiattoV2/routes/users.js": {"path":"/Users/mac/Desktop/fc/PiattoV2/routes/users.js","statementMap":{"0":{"start":{"line":1,"column":19},"end":{"line":1,"column":37}},"1":{"start":{"line":2,"column":34},"end":{"line":2,"column":57}},"2":{"start":{"line":3,"column":15},"end":{"line":3,"column":23}},"3":{"start":{"line":4,"column":15},"end":{"line":4,"column":32}},"4":{"start":{"line":5,"column":12},"end":{"line":5,"column":35}},"5":{"start":{"line":6,"column":16},"end":{"line":6,"column":42}},"6":{"start":{"line":7,"column":13},"end":{"line":7,"column":38}},"7":{"start":{"line":9,"column":18},"end":{"line":9,"column":26}},"8":{"start":{"line":11,"column":0},"end":{"line":27,"column":3}},"9":{"start":{"line":12,"column":22},"end":{"line":12,"column":25}},"10":{"start":{"line":13,"column":12},"end":{"line":13,"column":50}},"11":{"start":{"line":15,"column":2},"end":{"line":26,"column":3}},"12":{"start":{"line":16,"column":17},"end":{"line":16,"column":58}},"13":{"start":{"line":17,"column":12},"end":{"line":17,"column":37}},"14":{"start":{"line":19,"column":4},"end":{"line":21,"column":5}},"15":{"start":{"line":20,"column":6},"end":{"line":20,"column":63}},"16":{"start":{"line":22,"column":4},"end":{"line":22,"column":35}},"17":{"start":{"line":24,"column":4},"end":{"line":24,"column":25}},"18":{"start":{"line":25,"column":4},"end":{"line":25,"column":61}},"19":{"start":{"line":29,"column":0},"end":{"line":41,"column":3}},"20":{"start":{"line":30,"column":4},"end":{"line":40,"column":5}},"21":{"start":{"line":32,"column":20},"end":{"line":32,"column":47}},"22":{"start":{"line":33,"column":6},"end":{"line":37,"column":7}},"23":{"start":{"line":34,"column":8},"end":{"line":34,"column":47}},"24":{"start":{"line":36,"column":8},"end":{"line":36,"column":19}},"25":{"start":{"line":39,"column":6},"end":{"line":39,"column":63}},"26":{"start":{"line":43,"column":0},"end":{"line":43,"column":24}}},"fnMap":{"0":{"name":"(anonymous_0)","decl":{"start":{"line":11,"column":30},"end":{"line":11,"column":31}},"loc":{"start":{"line":11,"column":50},"end":{"line":27,"column":1}},"line":11},"1":{"name":"(anonymous_1)","decl":{"start":{"line":29,"column":19},"end":{"line":29,"column":20}},"loc":{"start":{"line":29,"column":39},"end":{"line":41,"column":1}},"line":29}},"branchMap":{"0":{"loc":{"start":{"line":19,"column":4},"end":{"line":21,"column":5}},"type":"if","locations":[{"start":{"line":19,"column":4},"end":{"line":21,"column":5}},{"start":{},"end":{}}],"line":19},"1":{"loc":{"start":{"line":33,"column":6},"end":{"line":37,"column":7}},"type":"if","locations":[{"start":{"line":33,"column":6},"end":{"line":37,"column":7}},{"start":{"line":35,"column":12},"end":{"line":37,"column":7}}],"line":33}},"s":{"0":2,"1":2,"2":2,"3":2,"4":2,"5":2,"6":2,"7":2,"8":2,"9":0,"10":0,"11":0,"12":0,"13":0,"14":0,"15":0,"16":0,"17":0,"18":0,"19":2,"20":0,"21":0,"22":0,"23":0,"24":0,"25":0,"26":2},"f":{"0":0,"1":0},"b":{"0":[0,0],"1":[0,0]},"_coverageSchema":"1a1c01bbd47fc00a2c39e90264f33305004495a9","hash":"dd15f760e7456ddd3173c5ff84ca913bf91c0f25"}
}
