{"/Users/mac/Desktop/App/JSCRIPT330B-Piatto/server.js": {"path":"/Users/mac/Desktop/App/JSCRIPT330B-Piatto/server.js","statementMap":{"0":{"start":{"line":1,"column":16},"end":{"line":1,"column":34}},"1":{"start":{"line":2,"column":15},"end":{"line":2,"column":34}},"2":{"start":{"line":3,"column":15},"end":{"line":3,"column":24}},"3":{"start":{"line":5,"column":0},"end":{"line":5,"column":27}},"4":{"start":{"line":6,"column":0},"end":{"line":6,"column":19}},"5":{"start":{"line":8,"column":0},"end":{"line":8,"column":24}}},"fnMap":{},"branchMap":{},"s":{"0":5,"1":5,"2":5,"3":5,"4":5,"5":5},"f":{},"b":{},"_coverageSchema":"1a1c01bbd47fc00a2c39e90264f33305004495a9","hash":"bcfd6db777a9b82c0150e8ca5bc69437c5d2e138"}
,"/Users/mac/Desktop/App/JSCRIPT330B-Piatto/daos/quotesDAO.js": {"path":"/Users/mac/Desktop/App/JSCRIPT330B-Piatto/daos/quotesDAO.js","statementMap":{"0":{"start":{"line":1,"column":17},"end":{"line":1,"column":36}},"1":{"start":{"line":2,"column":14},"end":{"line":2,"column":40}},"2":{"start":{"line":3,"column":13},"end":{"line":3,"column":38}},"3":{"start":{"line":5,"column":0},"end":{"line":5,"column":20}},"4":{"start":{"line":8,"column":0},"end":{"line":35,"column":3}},"5":{"start":{"line":9,"column":4},"end":{"line":34,"column":5}},"6":{"start":{"line":10,"column":19},"end":{"line":10,"column":46}},"7":{"start":{"line":11,"column":6},"end":{"line":13,"column":7}},"8":{"start":{"line":12,"column":8},"end":{"line":12,"column":20}},"9":{"start":{"line":14,"column":26},"end":{"line":14,"column":72}},"10":{"start":{"line":15,"column":6},"end":{"line":17,"column":7}},"11":{"start":{"line":16,"column":8},"end":{"line":16,"column":20}},"12":{"start":{"line":19,"column":23},"end":{"line":27,"column":8}},"13":{"start":{"line":29,"column":6},"end":{"line":29,"column":28}},"14":{"start":{"line":30,"column":6},"end":{"line":30,"column":22}},"15":{"start":{"line":32,"column":8},"end":{"line":32,"column":29}},"16":{"start":{"line":33,"column":8},"end":{"line":33,"column":20}},"17":{"start":{"line":58,"column":0},"end":{"line":66,"column":1}},"18":{"start":{"line":59,"column":2},"end":{"line":65,"column":3}},"19":{"start":{"line":60,"column":19},"end":{"line":60,"column":55}},"20":{"start":{"line":61,"column":4},"end":{"line":61,"column":18}},"21":{"start":{"line":63,"column":4},"end":{"line":63,"column":25}},"22":{"start":{"line":64,"column":4},"end":{"line":64,"column":16}},"23":{"start":{"line":68,"column":0},"end":{"line":76,"column":2}},"24":{"start":{"line":69,"column":2},"end":{"line":75,"column":3}},"25":{"start":{"line":70,"column":18},"end":{"line":70,"column":80}},"26":{"start":{"line":71,"column":4},"end":{"line":71,"column":17}},"27":{"start":{"line":74,"column":4},"end":{"line":74,"column":16}},"28":{"start":{"line":78,"column":0},"end":{"line":86,"column":1}},"29":{"start":{"line":79,"column":2},"end":{"line":85,"column":3}},"30":{"start":{"line":80,"column":18},"end":{"line":80,"column":71}},"31":{"start":{"line":81,"column":4},"end":{"line":81,"column":17}},"32":{"start":{"line":83,"column":4},"end":{"line":83,"column":25}},"33":{"start":{"line":84,"column":4},"end":{"line":84,"column":16}}},"fnMap":{"0":{"name":"(anonymous_0)","decl":{"start":{"line":8,"column":27},"end":{"line":8,"column":28}},"loc":{"start":{"line":8,"column":55},"end":{"line":35,"column":3}},"line":8},"1":{"name":"(anonymous_1)","decl":{"start":{"line":58,"column":30},"end":{"line":58,"column":31}},"loc":{"start":{"line":58,"column":48},"end":{"line":66,"column":1}},"line":58},"2":{"name":"(anonymous_2)","decl":{"start":{"line":68,"column":29},"end":{"line":68,"column":30}},"loc":{"start":{"line":68,"column":56},"end":{"line":76,"column":1}},"line":68},"3":{"name":"(anonymous_3)","decl":{"start":{"line":78,"column":31},"end":{"line":78,"column":32}},"loc":{"start":{"line":78,"column":58},"end":{"line":86,"column":1}},"line":78}},"branchMap":{"0":{"loc":{"start":{"line":11,"column":6},"end":{"line":13,"column":7}},"type":"if","locations":[{"start":{"line":11,"column":6},"end":{"line":13,"column":7}},{"start":{},"end":{}}],"line":11},"1":{"loc":{"start":{"line":15,"column":6},"end":{"line":17,"column":7}},"type":"if","locations":[{"start":{"line":15,"column":6},"end":{"line":17,"column":7}},{"start":{},"end":{}}],"line":15}},"s":{"0":5,"1":5,"2":5,"3":5,"4":5,"5":2,"6":2,"7":2,"8":0,"9":2,"10":2,"11":0,"12":2,"13":2,"14":2,"15":0,"16":0,"17":5,"18":1,"19":1,"20":1,"21":0,"22":0,"23":5,"24":2,"25":2,"26":1,"27":1,"28":5,"29":0,"30":0,"31":0,"32":0,"33":0},"f":{"0":2,"1":1,"2":2,"3":0},"b":{"0":[0,2],"1":[0,2]},"_coverageSchema":"1a1c01bbd47fc00a2c39e90264f33305004495a9","hash":"1db9e026cab624caa0b060f3813b59d85c74acfd"}
,"/Users/mac/Desktop/App/JSCRIPT330B-Piatto/daos/userDAO.js": {"path":"/Users/mac/Desktop/App/JSCRIPT330B-Piatto/daos/userDAO.js","statementMap":{"0":{"start":{"line":1,"column":13},"end":{"line":1,"column":38}},"1":{"start":{"line":3,"column":0},"end":{"line":3,"column":20}},"2":{"start":{"line":6,"column":0},"end":{"line":14,"column":1}},"3":{"start":{"line":7,"column":4},"end":{"line":13,"column":7}},"4":{"start":{"line":8,"column":24},"end":{"line":8,"column":50}},"5":{"start":{"line":9,"column":8},"end":{"line":9,"column":23}},"6":{"start":{"line":11,"column":8},"end":{"line":11,"column":29}},"7":{"start":{"line":12,"column":8},"end":{"line":12,"column":20}},"8":{"start":{"line":17,"column":0},"end":{"line":25,"column":1}},"9":{"start":{"line":18,"column":4},"end":{"line":24,"column":7}},"10":{"start":{"line":19,"column":21},"end":{"line":19,"column":50}},"11":{"start":{"line":20,"column":8},"end":{"line":20,"column":20}},"12":{"start":{"line":22,"column":8},"end":{"line":22,"column":27}},"13":{"start":{"line":23,"column":8},"end":{"line":23,"column":20}},"14":{"start":{"line":28,"column":0},"end":{"line":36,"column":4}},"15":{"start":{"line":29,"column":4},"end":{"line":35,"column":5}},"16":{"start":{"line":30,"column":18},"end":{"line":30,"column":45}},"17":{"start":{"line":31,"column":6},"end":{"line":31,"column":17}},"18":{"start":{"line":34,"column":6},"end":{"line":34,"column":18}},"19":{"start":{"line":38,"column":0},"end":{"line":46,"column":3}},"20":{"start":{"line":39,"column":2},"end":{"line":45,"column":5}},"21":{"start":{"line":40,"column":23},"end":{"line":40,"column":40}},"22":{"start":{"line":41,"column":6},"end":{"line":41,"column":22}},"23":{"start":{"line":43,"column":6},"end":{"line":43,"column":27}},"24":{"start":{"line":44,"column":6},"end":{"line":44,"column":18}},"25":{"start":{"line":48,"column":0},"end":{"line":61,"column":2}},"26":{"start":{"line":49,"column":2},"end":{"line":60,"column":3}},"27":{"start":{"line":50,"column":17},"end":{"line":50,"column":44}},"28":{"start":{"line":51,"column":4},"end":{"line":53,"column":5}},"29":{"start":{"line":52,"column":6},"end":{"line":52,"column":17}},"30":{"start":{"line":54,"column":4},"end":{"line":54,"column":39}},"31":{"start":{"line":55,"column":4},"end":{"line":55,"column":22}},"32":{"start":{"line":56,"column":4},"end":{"line":56,"column":15}},"33":{"start":{"line":58,"column":4},"end":{"line":58,"column":23}},"34":{"start":{"line":59,"column":4},"end":{"line":59,"column":16}},"35":{"start":{"line":63,"column":0},"end":{"line":78,"column":2}},"36":{"start":{"line":64,"column":2},"end":{"line":77,"column":3}},"37":{"start":{"line":65,"column":17},"end":{"line":65,"column":44}},"38":{"start":{"line":66,"column":4},"end":{"line":73,"column":5}},"39":{"start":{"line":67,"column":6},"end":{"line":67,"column":41}},"40":{"start":{"line":68,"column":6},"end":{"line":68,"column":24}},"41":{"start":{"line":70,"column":6},"end":{"line":70,"column":18}},"42":{"start":{"line":72,"column":6},"end":{"line":72,"column":18}},"43":{"start":{"line":75,"column":4},"end":{"line":75,"column":23}},"44":{"start":{"line":76,"column":4},"end":{"line":76,"column":16}},"45":{"start":{"line":81,"column":0},"end":{"line":96,"column":2}},"46":{"start":{"line":82,"column":2},"end":{"line":95,"column":3}},"47":{"start":{"line":83,"column":17},"end":{"line":83,"column":44}},"48":{"start":{"line":84,"column":27},"end":{"line":84,"column":29}},"49":{"start":{"line":86,"column":4},"end":{"line":89,"column":5}},"50":{"start":{"line":87,"column":28},"end":{"line":87,"column":64}},"51":{"start":{"line":88,"column":6},"end":{"line":88,"column":41}},"52":{"start":{"line":91,"column":4},"end":{"line":91,"column":26}},"53":{"start":{"line":93,"column":4},"end":{"line":93,"column":23}},"54":{"start":{"line":94,"column":4},"end":{"line":94,"column":16}}},"fnMap":{"0":{"name":"(anonymous_0)","decl":{"start":{"line":6,"column":28},"end":{"line":6,"column":29}},"loc":{"start":{"line":6,"column":47},"end":{"line":14,"column":1}},"line":6},"1":{"name":"(anonymous_1)","decl":{"start":{"line":17,"column":25},"end":{"line":17,"column":26}},"loc":{"start":{"line":17,"column":42},"end":{"line":25,"column":1}},"line":17},"2":{"name":"(anonymous_2)","decl":{"start":{"line":28,"column":29},"end":{"line":28,"column":30}},"loc":{"start":{"line":28,"column":47},"end":{"line":36,"column":3}},"line":28},"3":{"name":"(anonymous_3)","decl":{"start":{"line":38,"column":29},"end":{"line":38,"column":30}},"loc":{"start":{"line":38,"column":41},"end":{"line":46,"column":3}},"line":38},"4":{"name":"(anonymous_4)","decl":{"start":{"line":48,"column":28},"end":{"line":48,"column":29}},"loc":{"start":{"line":48,"column":59},"end":{"line":61,"column":1}},"line":48},"5":{"name":"(anonymous_5)","decl":{"start":{"line":63,"column":30},"end":{"line":63,"column":31}},"loc":{"start":{"line":63,"column":61},"end":{"line":78,"column":1}},"line":63},"6":{"name":"(anonymous_6)","decl":{"start":{"line":81,"column":31},"end":{"line":81,"column":32}},"loc":{"start":{"line":81,"column":49},"end":{"line":96,"column":1}},"line":81}},"branchMap":{"0":{"loc":{"start":{"line":51,"column":4},"end":{"line":53,"column":5}},"type":"if","locations":[{"start":{"line":51,"column":4},"end":{"line":53,"column":5}},{"start":{},"end":{}}],"line":51},"1":{"loc":{"start":{"line":66,"column":4},"end":{"line":73,"column":5}},"type":"if","locations":[{"start":{"line":66,"column":4},"end":{"line":73,"column":5}},{"start":{"line":71,"column":11},"end":{"line":73,"column":5}}],"line":66}},"s":{"0":5,"1":5,"2":5,"3":7,"4":7,"5":7,"6":0,"7":0,"8":5,"9":11,"10":11,"11":11,"12":0,"13":0,"14":5,"15":4,"16":4,"17":3,"18":1,"19":5,"20":2,"21":2,"22":2,"23":0,"24":0,"25":5,"26":1,"27":1,"28":1,"29":0,"30":1,"31":1,"32":1,"33":0,"34":0,"35":5,"36":2,"37":2,"38":2,"39":1,"40":1,"41":1,"42":1,"43":0,"44":0,"45":5,"46":1,"47":1,"48":1,"49":1,"50":1,"51":1,"52":1,"53":0,"54":0},"f":{"0":7,"1":11,"2":4,"3":2,"4":1,"5":2,"6":1},"b":{"0":[0,1],"1":[1,1]},"_coverageSchema":"1a1c01bbd47fc00a2c39e90264f33305004495a9","hash":"767ed18fd74a78d78fe71e22bd5cb77ad36292c7"}
,"/Users/mac/Desktop/App/JSCRIPT330B-Piatto/models/quote.js": {"path":"/Users/mac/Desktop/App/JSCRIPT330B-Piatto/models/quote.js","statementMap":{"0":{"start":{"line":1,"column":17},"end":{"line":1,"column":36}},"1":{"start":{"line":3,"column":20},"end":{"line":11,"column":2}},"2":{"start":{"line":13,"column":0},"end":{"line":13,"column":55}},"3":{"start":{"line":15,"column":0},"end":{"line":15,"column":54}}},"fnMap":{},"branchMap":{},"s":{"0":5,"1":5,"2":5,"3":5},"f":{},"b":{},"_coverageSchema":"1a1c01bbd47fc00a2c39e90264f33305004495a9","hash":"877c3ae467d05f62ee5091bc38f65b06ef0379e5"}
,"/Users/mac/Desktop/App/JSCRIPT330B-Piatto/models/user.js": {"path":"/Users/mac/Desktop/App/JSCRIPT330B-Piatto/models/user.js","statementMap":{"0":{"start":{"line":1,"column":17},"end":{"line":1,"column":36}},"1":{"start":{"line":3,"column":19},"end":{"line":9,"column":2}},"2":{"start":{"line":12,"column":0},"end":{"line":12,"column":52}}},"fnMap":{},"branchMap":{},"s":{"0":5,"1":5,"2":5},"f":{},"b":{},"_coverageSchema":"1a1c01bbd47fc00a2c39e90264f33305004495a9","hash":"e0256f628156fb91299101553aa2b73719fa58fb"}
,"/Users/mac/Desktop/App/JSCRIPT330B-Piatto/routes/middleware.js": {"path":"/Users/mac/Desktop/App/JSCRIPT330B-Piatto/routes/middleware.js","statementMap":{"0":{"start":{"line":1,"column":0},"end":{"line":1,"column":26}},"1":{"start":{"line":2,"column":12},"end":{"line":2,"column":35}},"2":{"start":{"line":3,"column":18},"end":{"line":3,"column":40}},"3":{"start":{"line":6,"column":30},"end":{"line":6,"column":55}},"4":{"start":{"line":9,"column":2},"end":{"line":11,"column":3}},"5":{"start":{"line":10,"column":4},"end":{"line":10,"column":88}},"6":{"start":{"line":13,"column":31},"end":{"line":13,"column":61}},"7":{"start":{"line":16,"column":2},"end":{"line":18,"column":3}},"8":{"start":{"line":17,"column":4},"end":{"line":17,"column":87}},"9":{"start":{"line":19,"column":2},"end":{"line":26,"column":3}},"10":{"start":{"line":20,"column":25},"end":{"line":20,"column":59}},"11":{"start":{"line":22,"column":4},"end":{"line":22,"column":31}},"12":{"start":{"line":23,"column":4},"end":{"line":23,"column":11}},"13":{"start":{"line":25,"column":4},"end":{"line":25,"column":62}},"14":{"start":{"line":29,"column":0},"end":{"line":29,"column":34}}},"fnMap":{"0":{"name":"isAuthorized","decl":{"start":{"line":5,"column":15},"end":{"line":5,"column":27}},"loc":{"start":{"line":5,"column":44},"end":{"line":27,"column":1}},"line":5}},"branchMap":{"0":{"loc":{"start":{"line":9,"column":2},"end":{"line":11,"column":3}},"type":"if","locations":[{"start":{"line":9,"column":2},"end":{"line":11,"column":3}},{"start":{},"end":{}}],"line":9},"1":{"loc":{"start":{"line":16,"column":2},"end":{"line":18,"column":3}},"type":"if","locations":[{"start":{"line":16,"column":2},"end":{"line":18,"column":3}},{"start":{},"end":{}}],"line":16}},"s":{"0":5,"1":5,"2":5,"3":12,"4":12,"5":0,"6":12,"7":12,"8":0,"9":12,"10":12,"11":12,"12":12,"13":0,"14":5},"f":{"0":12},"b":{"0":[0,12],"1":[0,12]},"_coverageSchema":"1a1c01bbd47fc00a2c39e90264f33305004495a9","hash":"3001ab8a3e0fc8ad508d77af8fce92149c73ccd5"}
,"/Users/mac/Desktop/App/JSCRIPT330B-Piatto/routes/quotes.js": {"path":"/Users/mac/Desktop/App/JSCRIPT330B-Piatto/routes/quotes.js","statementMap":{"0":{"start":{"line":1,"column":19},"end":{"line":1,"column":37}},"1":{"start":{"line":2,"column":34},"end":{"line":2,"column":57}},"2":{"start":{"line":3,"column":16},"end":{"line":3,"column":42}},"3":{"start":{"line":4,"column":18},"end":{"line":4,"column":46}},"4":{"start":{"line":6,"column":15},"end":{"line":6,"column":23}},"5":{"start":{"line":9,"column":0},"end":{"line":27,"column":5}},"6":{"start":{"line":10,"column":4},"end":{"line":26,"column":5}},"7":{"start":{"line":11,"column":23},"end":{"line":11,"column":37}},"8":{"start":{"line":13,"column":21},"end":{"line":13,"column":39}},"9":{"start":{"line":14,"column":25},"end":{"line":14,"column":68}},"10":{"start":{"line":15,"column":6},"end":{"line":17,"column":7}},"11":{"start":{"line":16,"column":8},"end":{"line":16,"column":45}},"12":{"start":{"line":20,"column":6},"end":{"line":25,"column":7}},"13":{"start":{"line":21,"column":8},"end":{"line":21,"column":53}},"14":{"start":{"line":23,"column":8},"end":{"line":23,"column":27}},"15":{"start":{"line":24,"column":8},"end":{"line":24,"column":40}},"16":{"start":{"line":30,"column":0},"end":{"line":42,"column":3}},"17":{"start":{"line":31,"column":4},"end":{"line":41,"column":5}},"18":{"start":{"line":32,"column":21},"end":{"line":32,"column":39}},"19":{"start":{"line":33,"column":23},"end":{"line":33,"column":59}},"20":{"start":{"line":35,"column":6},"end":{"line":37,"column":7}},"21":{"start":{"line":36,"column":8},"end":{"line":36,"column":43}},"22":{"start":{"line":39,"column":8},"end":{"line":39,"column":27}},"23":{"start":{"line":40,"column":8},"end":{"line":40,"column":40}},"24":{"start":{"line":45,"column":0},"end":{"line":61,"column":3}},"25":{"start":{"line":46,"column":4},"end":{"line":60,"column":5}},"26":{"start":{"line":47,"column":21},"end":{"line":47,"column":39}},"27":{"start":{"line":48,"column":22},"end":{"line":48,"column":40}},"28":{"start":{"line":50,"column":27},"end":{"line":50,"column":71}},"29":{"start":{"line":52,"column":6},"end":{"line":56,"column":7}},"30":{"start":{"line":53,"column":8},"end":{"line":53,"column":66}},"31":{"start":{"line":55,"column":8},"end":{"line":55,"column":62}},"32":{"start":{"line":58,"column":6},"end":{"line":58,"column":25}},"33":{"start":{"line":59,"column":6},"end":{"line":59,"column":42}},"34":{"start":{"line":63,"column":0},"end":{"line":63,"column":24}}},"fnMap":{"0":{"name":"(anonymous_0)","decl":{"start":{"line":9,"column":31},"end":{"line":9,"column":32}},"loc":{"start":{"line":9,"column":51},"end":{"line":27,"column":3}},"line":9},"1":{"name":"(anonymous_1)","decl":{"start":{"line":30,"column":30},"end":{"line":30,"column":31}},"loc":{"start":{"line":30,"column":50},"end":{"line":42,"column":1}},"line":30},"2":{"name":"(anonymous_2)","decl":{"start":{"line":45,"column":41},"end":{"line":45,"column":42}},"loc":{"start":{"line":45,"column":61},"end":{"line":61,"column":1}},"line":45}},"branchMap":{"0":{"loc":{"start":{"line":15,"column":6},"end":{"line":17,"column":7}},"type":"if","locations":[{"start":{"line":15,"column":6},"end":{"line":17,"column":7}},{"start":{},"end":{}}],"line":15},"1":{"loc":{"start":{"line":20,"column":6},"end":{"line":25,"column":7}},"type":"if","locations":[{"start":{"line":20,"column":6},"end":{"line":25,"column":7}},{"start":{"line":22,"column":13},"end":{"line":25,"column":7}}],"line":20},"2":{"loc":{"start":{"line":35,"column":6},"end":{"line":37,"column":7}},"type":"if","locations":[{"start":{"line":35,"column":6},"end":{"line":37,"column":7}},{"start":{},"end":{}}],"line":35},"3":{"loc":{"start":{"line":52,"column":6},"end":{"line":56,"column":7}},"type":"if","locations":[{"start":{"line":52,"column":6},"end":{"line":56,"column":7}},{"start":{"line":54,"column":13},"end":{"line":56,"column":7}}],"line":52}},"s":{"0":5,"1":5,"2":5,"3":5,"4":5,"5":5,"6":2,"7":2,"8":2,"9":2,"10":2,"11":2,"12":0,"13":0,"14":0,"15":0,"16":5,"17":1,"18":1,"19":1,"20":1,"21":1,"22":0,"23":0,"24":5,"25":2,"26":2,"27":2,"28":2,"29":2,"30":1,"31":1,"32":0,"33":0,"34":5},"f":{"0":2,"1":1,"2":2},"b":{"0":[2,0],"1":[0,0],"2":[1,0],"3":[1,1]},"_coverageSchema":"1a1c01bbd47fc00a2c39e90264f33305004495a9","hash":"fe98922883ef95bdba67abea41f62effc54ac24b"}
,"/Users/mac/Desktop/App/JSCRIPT330B-Piatto/routes/search.js": {"path":"/Users/mac/Desktop/App/JSCRIPT330B-Piatto/routes/search.js","statementMap":{"0":{"start":{"line":1,"column":19},"end":{"line":1,"column":37}},"1":{"start":{"line":2,"column":25},"end":{"line":2,"column":48}},"2":{"start":{"line":3,"column":13},"end":{"line":3,"column":38}},"3":{"start":{"line":4,"column":14},"end":{"line":4,"column":40}},"4":{"start":{"line":6,"column":15},"end":{"line":6,"column":23}},"5":{"start":{"line":8,"column":0},"end":{"line":24,"column":5}},"6":{"start":{"line":9,"column":4},"end":{"line":23,"column":5}},"7":{"start":{"line":10,"column":25},"end":{"line":10,"column":36}},"8":{"start":{"line":11,"column":22},"end":{"line":13,"column":15}},"9":{"start":{"line":14,"column":8},"end":{"line":18,"column":9}},"10":{"start":{"line":15,"column":12},"end":{"line":15,"column":42}},"11":{"start":{"line":17,"column":12},"end":{"line":17,"column":23}},"12":{"start":{"line":22,"column":6},"end":{"line":22,"column":43}},"13":{"start":{"line":26,"column":0},"end":{"line":26,"column":24}}},"fnMap":{"0":{"name":"(anonymous_0)","decl":{"start":{"line":8,"column":16},"end":{"line":8,"column":17}},"loc":{"start":{"line":8,"column":36},"end":{"line":24,"column":3}},"line":8}},"branchMap":{"0":{"loc":{"start":{"line":14,"column":8},"end":{"line":18,"column":9}},"type":"if","locations":[{"start":{"line":14,"column":8},"end":{"line":18,"column":9}},{"start":{"line":16,"column":14},"end":{"line":18,"column":9}}],"line":14}},"s":{"0":5,"1":5,"2":5,"3":5,"4":5,"5":5,"6":3,"7":3,"8":3,"9":2,"10":2,"11":0,"12":1,"13":5},"f":{"0":3},"b":{"0":[2,0]},"_coverageSchema":"1a1c01bbd47fc00a2c39e90264f33305004495a9","hash":"4c8b337310284f0b84169a8cecb556e6cc6b18db"}
,"/Users/mac/Desktop/App/JSCRIPT330B-Piatto/routes/signin.js": {"path":"/Users/mac/Desktop/App/JSCRIPT330B-Piatto/routes/signin.js","statementMap":{"0":{"start":{"line":1,"column":19},"end":{"line":1,"column":37}},"1":{"start":{"line":2,"column":15},"end":{"line":2,"column":23}},"2":{"start":{"line":3,"column":15},"end":{"line":3,"column":32}},"3":{"start":{"line":4,"column":12},"end":{"line":4,"column":35}},"4":{"start":{"line":5,"column":16},"end":{"line":5,"column":42}},"5":{"start":{"line":6,"column":13},"end":{"line":6,"column":38}},"6":{"start":{"line":7,"column":0},"end":{"line":7,"column":26}},"7":{"start":{"line":8,"column":18},"end":{"line":8,"column":40}},"8":{"start":{"line":11,"column":0},"end":{"line":41,"column":3}},"9":{"start":{"line":12,"column":30},"end":{"line":12,"column":38}},"10":{"start":{"line":14,"column":2},"end":{"line":40,"column":3}},"11":{"start":{"line":15,"column":4},"end":{"line":17,"column":5}},"12":{"start":{"line":16,"column":6},"end":{"line":16,"column":63}},"13":{"start":{"line":20,"column":17},"end":{"line":20,"column":45}},"14":{"start":{"line":23,"column":4},"end":{"line":25,"column":5}},"15":{"start":{"line":24,"column":6},"end":{"line":24,"column":63}},"16":{"start":{"line":28,"column":28},"end":{"line":28,"column":79}},"17":{"start":{"line":31,"column":4},"end":{"line":33,"column":5}},"18":{"start":{"line":32,"column":6},"end":{"line":32,"column":65}},"19":{"start":{"line":34,"column":18},"end":{"line":34,"column":81}},"20":{"start":{"line":35,"column":4},"end":{"line":35,"column":51}},"21":{"start":{"line":36,"column":4},"end":{"line":36,"column":36}},"22":{"start":{"line":38,"column":4},"end":{"line":38,"column":25}},"23":{"start":{"line":39,"column":4},"end":{"line":39,"column":61}},"24":{"start":{"line":43,"column":0},"end":{"line":43,"column":24}}},"fnMap":{"0":{"name":"(anonymous_0)","decl":{"start":{"line":11,"column":17},"end":{"line":11,"column":18}},"loc":{"start":{"line":11,"column":37},"end":{"line":41,"column":1}},"line":11}},"branchMap":{"0":{"loc":{"start":{"line":15,"column":4},"end":{"line":17,"column":5}},"type":"if","locations":[{"start":{"line":15,"column":4},"end":{"line":17,"column":5}},{"start":{},"end":{}}],"line":15},"1":{"loc":{"start":{"line":15,"column":8},"end":{"line":15,"column":27}},"type":"binary-expr","locations":[{"start":{"line":15,"column":8},"end":{"line":15,"column":14}},{"start":{"line":15,"column":18},"end":{"line":15,"column":27}}],"line":15},"2":{"loc":{"start":{"line":23,"column":4},"end":{"line":25,"column":5}},"type":"if","locations":[{"start":{"line":23,"column":4},"end":{"line":25,"column":5}},{"start":{},"end":{}}],"line":23},"3":{"loc":{"start":{"line":31,"column":4},"end":{"line":33,"column":5}},"type":"if","locations":[{"start":{"line":31,"column":4},"end":{"line":33,"column":5}},{"start":{},"end":{}}],"line":31}},"s":{"0":5,"1":5,"2":5,"3":5,"4":5,"5":5,"6":5,"7":5,"8":5,"9":5,"10":5,"11":5,"12":2,"13":3,"14":3,"15":1,"16":2,"17":2,"18":1,"19":1,"20":1,"21":1,"22":0,"23":0,"24":5},"f":{"0":5},"b":{"0":[2,3],"1":[5,4],"2":[1,2],"3":[1,1]},"_coverageSchema":"1a1c01bbd47fc00a2c39e90264f33305004495a9","hash":"a9d01d7c0ce076f15ba06f00cc1e27cf14a8317a"}
,"/Users/mac/Desktop/App/JSCRIPT330B-Piatto/routes/signup.js": {"path":"/Users/mac/Desktop/App/JSCRIPT330B-Piatto/routes/signup.js","statementMap":{"0":{"start":{"line":1,"column":19},"end":{"line":1,"column":37}},"1":{"start":{"line":2,"column":15},"end":{"line":2,"column":23}},"2":{"start":{"line":3,"column":15},"end":{"line":3,"column":32}},"3":{"start":{"line":4,"column":16},"end":{"line":4,"column":42}},"4":{"start":{"line":5,"column":13},"end":{"line":5,"column":38}},"5":{"start":{"line":6,"column":12},"end":{"line":6,"column":35}},"6":{"start":{"line":7,"column":0},"end":{"line":7,"column":26}},"7":{"start":{"line":8,"column":18},"end":{"line":8,"column":40}},"8":{"start":{"line":11,"column":0},"end":{"line":49,"column":3}},"9":{"start":{"line":12,"column":51},"end":{"line":12,"column":59}},"10":{"start":{"line":21,"column":2},"end":{"line":23,"column":3}},"11":{"start":{"line":22,"column":4},"end":{"line":22,"column":74}},"12":{"start":{"line":25,"column":2},"end":{"line":48,"column":3}},"13":{"start":{"line":26,"column":25},"end":{"line":26,"column":53}},"14":{"start":{"line":28,"column":4},"end":{"line":30,"column":5}},"15":{"start":{"line":29,"column":6},"end":{"line":29,"column":74}},"16":{"start":{"line":32,"column":23},"end":{"line":32,"column":54}},"17":{"start":{"line":33,"column":16},"end":{"line":33,"column":88}},"18":{"start":{"line":34,"column":17},"end":{"line":34,"column":62}},"19":{"start":{"line":35,"column":12},"end":{"line":35,"column":32}},"20":{"start":{"line":37,"column":16},"end":{"line":37,"column":50}},"21":{"start":{"line":39,"column":4},"end":{"line":43,"column":5}},"22":{"start":{"line":40,"column":6},"end":{"line":40,"column":47}},"23":{"start":{"line":42,"column":6},"end":{"line":42,"column":72}},"24":{"start":{"line":46,"column":4},"end":{"line":46,"column":21}},"25":{"start":{"line":47,"column":4},"end":{"line":47,"column":41}},"26":{"start":{"line":51,"column":0},"end":{"line":51,"column":24}}},"fnMap":{"0":{"name":"(anonymous_0)","decl":{"start":{"line":11,"column":17},"end":{"line":11,"column":18}},"loc":{"start":{"line":11,"column":37},"end":{"line":49,"column":1}},"line":11}},"branchMap":{"0":{"loc":{"start":{"line":21,"column":2},"end":{"line":23,"column":3}},"type":"if","locations":[{"start":{"line":21,"column":2},"end":{"line":23,"column":3}},{"start":{},"end":{}}],"line":21},"1":{"loc":{"start":{"line":21,"column":6},"end":{"line":21,"column":52}},"type":"binary-expr","locations":[{"start":{"line":21,"column":6},"end":{"line":21,"column":16}},{"start":{"line":21,"column":20},"end":{"line":21,"column":29}},{"start":{"line":21,"column":33},"end":{"line":21,"column":39}},{"start":{"line":21,"column":43},"end":{"line":21,"column":52}}],"line":21},"2":{"loc":{"start":{"line":28,"column":4},"end":{"line":30,"column":5}},"type":"if","locations":[{"start":{"line":28,"column":4},"end":{"line":30,"column":5}},{"start":{},"end":{}}],"line":28},"3":{"loc":{"start":{"line":39,"column":4},"end":{"line":43,"column":5}},"type":"if","locations":[{"start":{"line":39,"column":4},"end":{"line":43,"column":5}},{"start":{"line":41,"column":11},"end":{"line":43,"column":5}}],"line":39}},"s":{"0":5,"1":5,"2":5,"3":5,"4":5,"5":5,"6":5,"7":5,"8":5,"9":12,"10":12,"11":4,"12":8,"13":8,"14":8,"15":1,"16":7,"17":7,"18":7,"19":7,"20":7,"21":7,"22":7,"23":0,"24":0,"25":0,"26":5},"f":{"0":12},"b":{"0":[4,8],"1":[12,8,8,8],"2":[1,7],"3":[7,0]},"_coverageSchema":"1a1c01bbd47fc00a2c39e90264f33305004495a9","hash":"2c71cd65104a219e62f0961cc47586a844393d02"}
,"/Users/mac/Desktop/App/JSCRIPT330B-Piatto/routes/users.js": {"path":"/Users/mac/Desktop/App/JSCRIPT330B-Piatto/routes/users.js","statementMap":{"0":{"start":{"line":1,"column":19},"end":{"line":1,"column":37}},"1":{"start":{"line":2,"column":25},"end":{"line":2,"column":48}},"2":{"start":{"line":3,"column":15},"end":{"line":3,"column":23}},"3":{"start":{"line":4,"column":16},"end":{"line":4,"column":42}},"4":{"start":{"line":7,"column":0},"end":{"line":20,"column":3}},"5":{"start":{"line":8,"column":22},"end":{"line":8,"column":25}},"6":{"start":{"line":10,"column":2},"end":{"line":19,"column":3}},"7":{"start":{"line":11,"column":17},"end":{"line":11,"column":58}},"8":{"start":{"line":12,"column":4},"end":{"line":14,"column":5}},"9":{"start":{"line":13,"column":6},"end":{"line":13,"column":63}},"10":{"start":{"line":15,"column":4},"end":{"line":15,"column":35}},"11":{"start":{"line":17,"column":4},"end":{"line":17,"column":25}},"12":{"start":{"line":18,"column":4},"end":{"line":18,"column":61}},"13":{"start":{"line":23,"column":0},"end":{"line":34,"column":3}},"14":{"start":{"line":24,"column":22},"end":{"line":24,"column":25}},"15":{"start":{"line":26,"column":2},"end":{"line":33,"column":3}},"16":{"start":{"line":27,"column":18},"end":{"line":27,"column":61}},"17":{"start":{"line":29,"column":4},"end":{"line":29,"column":36}},"18":{"start":{"line":31,"column":4},"end":{"line":31,"column":50}},"19":{"start":{"line":32,"column":4},"end":{"line":32,"column":61}},"20":{"start":{"line":37,"column":0},"end":{"line":55,"column":3}},"21":{"start":{"line":38,"column":22},"end":{"line":38,"column":25}},"22":{"start":{"line":40,"column":2},"end":{"line":54,"column":3}},"23":{"start":{"line":41,"column":18},"end":{"line":41,"column":45}},"24":{"start":{"line":42,"column":19},"end":{"line":42,"column":60}},"25":{"start":{"line":43,"column":32},"end":{"line":43,"column":50}},"26":{"start":{"line":45,"column":26},"end":{"line":49,"column":5}},"27":{"start":{"line":47,"column":8},"end":{"line":48,"column":58}},"28":{"start":{"line":51,"column":4},"end":{"line":51,"column":58}},"29":{"start":{"line":53,"column":4},"end":{"line":53,"column":61}},"30":{"start":{"line":58,"column":0},"end":{"line":82,"column":3}},"31":{"start":{"line":59,"column":21},"end":{"line":59,"column":29}},"32":{"start":{"line":60,"column":22},"end":{"line":60,"column":25}},"33":{"start":{"line":62,"column":2},"end":{"line":81,"column":3}},"34":{"start":{"line":63,"column":17},"end":{"line":63,"column":50}},"35":{"start":{"line":65,"column":4},"end":{"line":67,"column":5}},"36":{"start":{"line":66,"column":6},"end":{"line":66,"column":63}},"37":{"start":{"line":69,"column":22},"end":{"line":69,"column":70}},"38":{"start":{"line":71,"column":4},"end":{"line":77,"column":5}},"39":{"start":{"line":72,"column":23},"end":{"line":72,"column":50}},"40":{"start":{"line":73,"column":27},"end":{"line":73,"column":73}},"41":{"start":{"line":73,"column":59},"end":{"line":73,"column":72}},"42":{"start":{"line":74,"column":20},"end":{"line":74,"column":88}},"43":{"start":{"line":74,"column":44},"end":{"line":74,"column":87}},"44":{"start":{"line":76,"column":6},"end":{"line":76,"column":45}},"45":{"start":{"line":79,"column":4},"end":{"line":79,"column":50}},"46":{"start":{"line":80,"column":4},"end":{"line":80,"column":61}},"47":{"start":{"line":87,"column":0},"end":{"line":103,"column":3}},"48":{"start":{"line":88,"column":21},"end":{"line":88,"column":29}},"49":{"start":{"line":89,"column":22},"end":{"line":89,"column":25}},"50":{"start":{"line":91,"column":2},"end":{"line":102,"column":3}},"51":{"start":{"line":92,"column":22},"end":{"line":92,"column":72}},"52":{"start":{"line":94,"column":4},"end":{"line":98,"column":5}},"53":{"start":{"line":95,"column":6},"end":{"line":95,"column":74}},"54":{"start":{"line":97,"column":6},"end":{"line":97,"column":80}},"55":{"start":{"line":100,"column":4},"end":{"line":100,"column":52}},"56":{"start":{"line":101,"column":4},"end":{"line":101,"column":63}},"57":{"start":{"line":105,"column":0},"end":{"line":105,"column":24}}},"fnMap":{"0":{"name":"(anonymous_0)","decl":{"start":{"line":7,"column":30},"end":{"line":7,"column":31}},"loc":{"start":{"line":7,"column":50},"end":{"line":20,"column":1}},"line":7},"1":{"name":"(anonymous_1)","decl":{"start":{"line":23,"column":39},"end":{"line":23,"column":40}},"loc":{"start":{"line":23,"column":59},"end":{"line":34,"column":1}},"line":23},"2":{"name":"(anonymous_2)","decl":{"start":{"line":37,"column":43},"end":{"line":37,"column":44}},"loc":{"start":{"line":37,"column":63},"end":{"line":55,"column":1}},"line":37},"3":{"name":"(anonymous_3)","decl":{"start":{"line":46,"column":6},"end":{"line":46,"column":7}},"loc":{"start":{"line":47,"column":8},"end":{"line":48,"column":58}},"line":47},"4":{"name":"(anonymous_4)","decl":{"start":{"line":58,"column":37},"end":{"line":58,"column":38}},"loc":{"start":{"line":58,"column":57},"end":{"line":82,"column":1}},"line":58},"5":{"name":"(anonymous_5)","decl":{"start":{"line":73,"column":53},"end":{"line":73,"column":54}},"loc":{"start":{"line":73,"column":59},"end":{"line":73,"column":72}},"line":73},"6":{"name":"(anonymous_6)","decl":{"start":{"line":74,"column":36},"end":{"line":74,"column":37}},"loc":{"start":{"line":74,"column":44},"end":{"line":74,"column":87}},"line":74},"7":{"name":"(anonymous_7)","decl":{"start":{"line":87,"column":39},"end":{"line":87,"column":40}},"loc":{"start":{"line":87,"column":59},"end":{"line":103,"column":1}},"line":87}},"branchMap":{"0":{"loc":{"start":{"line":12,"column":4},"end":{"line":14,"column":5}},"type":"if","locations":[{"start":{"line":12,"column":4},"end":{"line":14,"column":5}},{"start":{},"end":{}}],"line":12},"1":{"loc":{"start":{"line":47,"column":8},"end":{"line":48,"column":58}},"type":"binary-expr","locations":[{"start":{"line":47,"column":8},"end":{"line":47,"column":46}},{"start":{"line":48,"column":8},"end":{"line":48,"column":58}}],"line":47},"2":{"loc":{"start":{"line":65,"column":4},"end":{"line":67,"column":5}},"type":"if","locations":[{"start":{"line":65,"column":4},"end":{"line":67,"column":5}},{"start":{},"end":{}}],"line":65},"3":{"loc":{"start":{"line":71,"column":4},"end":{"line":77,"column":5}},"type":"if","locations":[{"start":{"line":71,"column":4},"end":{"line":77,"column":5}},{"start":{},"end":{}}],"line":71},"4":{"loc":{"start":{"line":94,"column":4},"end":{"line":98,"column":5}},"type":"if","locations":[{"start":{"line":94,"column":4},"end":{"line":98,"column":5}},{"start":{"line":96,"column":11},"end":{"line":98,"column":5}}],"line":94}},"s":{"0":5,"1":5,"2":5,"3":5,"4":5,"5":1,"6":1,"7":1,"8":1,"9":0,"10":1,"11":0,"12":0,"13":5,"14":1,"15":1,"16":1,"17":1,"18":0,"19":0,"20":5,"21":1,"22":1,"23":1,"24":1,"25":1,"26":1,"27":3,"28":1,"29":0,"30":5,"31":2,"32":2,"33":2,"34":2,"35":2,"36":1,"37":1,"38":1,"39":1,"40":1,"41":1,"42":1,"43":3,"44":1,"45":0,"46":0,"47":5,"48":2,"49":2,"50":2,"51":2,"52":2,"53":1,"54":1,"55":0,"56":0,"57":5},"f":{"0":1,"1":1,"2":1,"3":3,"4":2,"5":1,"6":3,"7":2},"b":{"0":[0,1],"1":[3,2],"2":[1,1],"3":[1,0],"4":[1,1]},"_coverageSchema":"1a1c01bbd47fc00a2c39e90264f33305004495a9","hash":"7b8eb2e500066b9c60572dcd84945191876f23ca"}
}
