TN:
SF:server.js
FNF:0
FNH:0
DA:1,5
DA:2,5
DA:3,5
DA:5,5
DA:6,5
DA:8,5
LF:6
LH:6
BRF:0
BRH:0
end_of_record
TN:
SF:daos/quotesDAO.js
FN:8,(anonymous_0)
FN:37,(anonymous_1)
FN:47,(anonymous_2)
FN:57,(anonymous_3)
FNF:4
FNH:3
FNDA:2,(anonymous_0)
FNDA:1,(anonymous_1)
FNDA:2,(anonymous_2)
FNDA:0,(anonymous_3)
DA:1,5
DA:2,5
DA:3,5
DA:5,5
DA:8,5
DA:9,2
DA:10,2
DA:11,2
DA:12,0
DA:14,2
DA:15,2
DA:16,0
DA:19,2
DA:29,2
DA:30,2
DA:32,0
DA:33,0
DA:37,5
DA:38,1
DA:39,1
DA:40,1
DA:42,0
DA:43,0
DA:47,5
DA:48,2
DA:49,2
DA:50,1
DA:53,1
DA:57,5
DA:58,0
DA:59,0
DA:60,0
DA:62,0
DA:63,0
LF:34
LH:23
BRDA:11,0,0,0
BRDA:11,0,1,2
BRDA:15,1,0,0
BRDA:15,1,1,2
BRF:4
BRH:2
end_of_record
TN:
SF:daos/userDAO.js
FN:6,(anonymous_0)
FN:17,(anonymous_1)
FN:28,(anonymous_2)
FN:38,(anonymous_3)
FN:48,(anonymous_4)
FN:63,(anonymous_5)
FN:81,(anonymous_6)
FNF:7
FNH:7
FNDA:7,(anonymous_0)
FNDA:11,(anonymous_1)
FNDA:4,(anonymous_2)
FNDA:2,(anonymous_3)
FNDA:1,(anonymous_4)
FNDA:2,(anonymous_5)
FNDA:1,(anonymous_6)
DA:1,5
DA:3,5
DA:6,5
DA:7,7
DA:8,7
DA:9,7
DA:11,0
DA:12,0
DA:17,5
DA:18,11
DA:19,11
DA:20,11
DA:22,0
DA:23,0
DA:28,5
DA:29,4
DA:30,4
DA:31,3
DA:34,1
DA:38,5
DA:39,2
DA:40,2
DA:41,2
DA:43,0
DA:44,0
DA:48,5
DA:49,1
DA:50,1
DA:51,1
DA:52,0
DA:54,1
DA:55,1
DA:56,1
DA:58,0
DA:59,0
DA:63,5
DA:64,2
DA:65,2
DA:66,2
DA:67,1
DA:68,1
DA:70,1
DA:72,1
DA:75,0
DA:76,0
DA:81,5
DA:82,1
DA:83,1
DA:84,1
DA:86,1
DA:87,1
DA:88,1
DA:91,1
DA:93,0
DA:94,0
LF:55
LH:42
BRDA:51,0,0,0
BRDA:51,0,1,1
BRDA:66,1,0,1
BRDA:66,1,1,1
BRF:4
BRH:3
end_of_record
TN:
SF:models/quote.js
FNF:0
FNH:0
DA:1,5
DA:3,5
DA:13,5
DA:15,5
LF:4
LH:4
BRF:0
BRH:0
end_of_record
TN:
SF:models/user.js
FNF:0
FNH:0
DA:1,5
DA:3,5
DA:12,5
LF:3
LH:3
BRF:0
BRH:0
end_of_record
TN:
SF:routes/middleware.js
FN:5,isAuthorized
FNF:1
FNH:1
FNDA:15,isAuthorized
DA:1,5
DA:2,5
DA:3,5
DA:6,15
DA:8,15
DA:9,0
DA:12,15
DA:14,15
DA:15,0
DA:17,15
DA:18,15
DA:19,15
DA:20,15
DA:22,0
DA:26,5
LF:15
LH:12
BRDA:8,0,0,0
BRDA:8,0,1,15
BRDA:14,1,0,0
BRDA:14,1,1,15
BRF:4
BRH:2
end_of_record
TN:
SF:routes/quotes.js
FN:9,(anonymous_0)
FN:30,(anonymous_1)
FN:45,(anonymous_2)
FNF:3
FNH:3
FNDA:2,(anonymous_0)
FNDA:1,(anonymous_1)
FNDA:2,(anonymous_2)
DA:1,5
DA:2,5
DA:3,5
DA:4,5
DA:6,5
DA:9,5
DA:10,2
DA:11,2
DA:13,2
DA:14,2
DA:15,2
DA:16,2
DA:20,0
DA:21,0
DA:23,0
DA:24,0
DA:30,5
DA:31,1
DA:32,1
DA:33,1
DA:35,1
DA:36,1
DA:39,0
DA:40,0
DA:45,5
DA:46,2
DA:47,2
DA:48,2
DA:50,2
DA:52,2
DA:53,1
DA:55,1
DA:58,0
DA:59,0
DA:63,5
LF:35
LH:27
BRDA:15,0,0,2
BRDA:15,0,1,0
BRDA:20,1,0,0
BRDA:20,1,1,0
BRDA:35,2,0,1
BRDA:35,2,1,0
BRDA:52,3,0,1
BRDA:52,3,1,1
BRF:8
BRH:4
end_of_record
TN:
SF:routes/search.js
FN:8,(anonymous_0)
FNF:1
FNH:1
FNDA:3,(anonymous_0)
DA:1,5
DA:2,5
DA:3,5
DA:4,5
DA:6,5
DA:8,5
DA:9,3
DA:10,3
DA:11,3
DA:13,3
DA:22,2
DA:23,1
DA:25,1
DA:30,1
DA:36,5
LF:15
LH:15
BRDA:22,0,0,1
BRDA:22,0,1,1
BRF:2
BRH:2
end_of_record
TN:
SF:routes/signin.js
FN:11,(anonymous_0)
FNF:1
FNH:1
FNDA:5,(anonymous_0)
DA:1,5
DA:2,5
DA:3,5
DA:4,5
DA:5,5
DA:6,5
DA:7,5
DA:8,5
DA:11,5
DA:12,5
DA:14,5
DA:15,5
DA:16,2
DA:20,3
DA:23,3
DA:24,1
DA:28,2
DA:31,2
DA:32,1
DA:34,1
DA:35,1
DA:36,1
DA:38,0
DA:39,0
DA:43,5
LF:25
LH:23
BRDA:15,0,0,2
BRDA:15,0,1,3
BRDA:15,1,0,5
BRDA:15,1,1,4
BRDA:23,2,0,1
BRDA:23,2,1,2
BRDA:31,3,0,1
BRDA:31,3,1,1
BRF:8
BRH:8
end_of_record
TN:
SF:routes/signup.js
FN:11,(anonymous_0)
FNF:1
FNH:1
FNDA:12,(anonymous_0)
DA:1,5
DA:2,5
DA:3,5
DA:4,5
DA:5,5
DA:6,5
DA:7,5
DA:8,5
DA:11,5
DA:12,12
DA:21,12
DA:22,4
DA:25,8
DA:26,8
DA:28,8
DA:29,1
DA:32,7
DA:33,7
DA:34,7
DA:35,7
DA:37,7
DA:39,7
DA:40,7
DA:42,0
DA:46,0
DA:47,0
DA:51,5
LF:27
LH:24
BRDA:21,0,0,4
BRDA:21,0,1,8
BRDA:21,1,0,12
BRDA:21,1,1,8
BRDA:21,1,2,8
BRDA:21,1,3,8
BRDA:28,2,0,1
BRDA:28,2,1,7
BRDA:39,3,0,7
BRDA:39,3,1,0
BRF:10
BRH:9
end_of_record
TN:
SF:routes/users.js
FN:7,(anonymous_0)
FN:23,(anonymous_1)
FN:37,(anonymous_2)
FN:46,(anonymous_3)
FN:58,(anonymous_4)
FN:73,(anonymous_5)
FN:74,(anonymous_6)
FN:87,(anonymous_7)
FNF:8
FNH:8
FNDA:1,(anonymous_0)
FNDA:1,(anonymous_1)
FNDA:1,(anonymous_2)
FNDA:3,(anonymous_3)
FNDA:2,(anonymous_4)
FNDA:1,(anonymous_5)
FNDA:3,(anonymous_6)
FNDA:2,(anonymous_7)
DA:1,5
DA:2,5
DA:3,5
DA:4,5
DA:7,5
DA:8,1
DA:10,1
DA:11,1
DA:12,1
DA:13,0
DA:15,1
DA:17,0
DA:18,0
DA:23,5
DA:24,1
DA:26,1
DA:27,1
DA:29,1
DA:31,0
DA:32,0
DA:37,5
DA:38,1
DA:40,1
DA:41,1
DA:42,1
DA:43,1
DA:45,1
DA:47,3
DA:51,1
DA:53,0
DA:58,5
DA:59,2
DA:60,2
DA:62,2
DA:63,2
DA:65,2
DA:66,1
DA:69,1
DA:71,1
DA:72,1
DA:73,1
DA:74,3
DA:76,1
DA:79,0
DA:80,0
DA:87,5
DA:88,2
DA:89,2
DA:91,2
DA:92,2
DA:94,2
DA:95,1
DA:97,1
DA:100,0
DA:101,0
DA:105,5
LF:56
LH:46
BRDA:12,0,0,0
BRDA:12,0,1,1
BRDA:47,1,0,3
BRDA:47,1,1,2
BRDA:65,2,0,1
BRDA:65,2,1,1
BRDA:71,3,0,1
BRDA:71,3,1,0
BRDA:94,4,0,1
BRDA:94,4,1,1
BRF:10
BRH:8
end_of_record
